<html>
<head>
<title>TestNG:  Default test</title>
<link href="../testng.css" rel="stylesheet" type="text/css" />
<link href="../my-testng.css" rel="stylesheet" type="text/css" />

<style type="text/css">
.log { display: none;} 
.stack-trace { display: none;} 
</style>
<script type="text/javascript">
<!--
function flip(e) {
  current = e.style.display;
  if (current == 'block') {
    e.style.display = 'none';
    return 0;
  }
  else {
    e.style.display = 'block';
    return 1;
  }
}

function toggleBox(szDivId, elem, msg1, msg2)
{
  var res = -1;  if (document.getElementById) {
    res = flip(document.getElementById(szDivId));
  }
  else if (document.all) {
    // this is the way old msie versions work
    res = flip(document.all[szDivId]);
  }
  if(elem) {
    if(res == 0) elem.innerHTML = msg1; else elem.innerHTML = msg2;
  }

}

function toggleAllBoxes() {
  if (document.getElementsByTagName) {
    d = document.getElementsByTagName('div');
    for (i = 0; i < d.length; i++) {
      if (d[i].className == 'log') {
        flip(d[i]);
      }
    }
  }
}

// -->
</script>

</head>
<body>
<h2 align='center'>Default test</h2><table border='1' align="center">
<tr>
<td>Tests passed/Failed/Skipped:</td><td>10/1/0</td>
</tr><tr>
<td>Started on:</td><td>Wed Apr 04 17:32:55 CDT 2018</td>
</tr>
<tr><td>Total time:</td><td>5 seconds (5345 ms)</td>
</tr><tr>
<td>Included groups:</td><td></td>
</tr><tr>
<td>Excluded groups:</td><td></td>
</tr>
</table><p/>
<small><i>(Hover the method name to see the test class name)</i></small><p/>
<table width='100%' border='1' class='invocation-failed'>
<tr><td colspan='4' align='center'><b>FAILED TESTS</b></td></tr>
<tr><td><b>Test method</b></td>
<td width="30%"><b>Exception</b></td>
<td width="10%"><b>Time (seconds)</b></td>
<td><b>Instance</b></td>
</tr>
<tr>
<td title='com.automation.rest.test.RestAssuredTests.statusCodeValidation()'><b>statusCodeValidation</b><br>Test class: com.automation.rest.test.RestAssuredTests</td>
<td><div><pre>java.lang.AssertionError: expected [100] but found [200]
	at org.testng.Assert.fail(Assert.java:94)
	at org.testng.Assert.failNotEquals(Assert.java:494)
	at org.testng.Assert.assertEquals(Assert.java:123)
	at org.testng.Assert.assertEquals(Assert.java:370)
	at org.testng.Assert.assertEquals(Assert.java:380)
	at com.automation.rest.test.RestAssuredTests.statusCodeValidation(RestAssuredTests.java:23)
	at sun.reflect.NativeMethodAccessorImpl.invoke0(Native Method)
	at sun.reflect.NativeMethodAccessorImpl.invoke(NativeMethodAccessorImpl.java:62)
	at sun.reflect.DelegatingMethodAccessorImpl.invoke(DelegatingMethodAccessorImpl.java:43)
	at java.lang.reflect.Method.invoke(Method.java:498)
	at org.testng.internal.MethodInvocationHelper.invokeMethod(MethodInvocationHelper.java:80)
	at org.testng.internal.Invoker.invokeMethod(Invoker.java:714)
	at org.testng.internal.Invoker.invokeTestMethod(Invoker.java:901)
	at org.testng.internal.Invoker.invokeTestMethods(Invoker.java:1231)
	at org.testng.internal.TestMethodWorker.invokeTestMethods(TestMethodWorker.java:127)
	at org.testng.internal.TestMethodWorker.run(TestMethodWorker.java:111)
	at org.testng.TestRunner.privateRun(TestRunner.java:767)
	at org.testng.TestRunner.run(TestRunner.java:617)
	at org.testng.SuiteRunner.runTest(SuiteRunner.java:334)
	at org.testng.SuiteRunner.runSequentially(SuiteRunner.java:329)
	at org.testng.SuiteRunner.privateRun(SuiteRunner.java:291)
	at org.testng.SuiteRunner.run(SuiteRunner.java:240)
	at org.testng.SuiteRunnerWorker.runSuite(SuiteRunnerWorker.java:52)
	at org.testng.SuiteRunnerWorker.run(SuiteRunnerWorker.java:86)
	at org.testng.TestNG.runSuitesSequentially(TestNG.java:1198)
	at org.testng.TestNG.runSuitesLocally(TestNG.java:1123)
	at org.testng.TestNG.run(TestNG.java:1031)
	at org.testng.remote.AbstractRemoteTestNG.run(AbstractRemoteTestNG.java:114)
	at org.testng.remote.RemoteTestNG.initAndRun(RemoteTestNG.java:251)
	at org.testng.remote.RemoteTestNG.main(RemoteTestNG.java:77)
</pre></div><a href='#' onClick='toggleBox("stack-trace988402146", this, "Click to show all stack frames", "Click to hide stack frames")'>Click to show all stack frames</a>
<div class='stack-trace' id='stack-trace988402146'><pre>java.lang.AssertionError: expected [100] but found [200]
	at org.testng.Assert.fail(Assert.java:94)
	at org.testng.Assert.failNotEquals(Assert.java:494)
	at org.testng.Assert.assertEquals(Assert.java:123)
	at org.testng.Assert.assertEquals(Assert.java:370)
	at org.testng.Assert.assertEquals(Assert.java:380)
	at com.automation.rest.test.RestAssuredTests.statusCodeValidation(RestAssuredTests.java:23)
	at sun.reflect.NativeMethodAccessorImpl.invoke0(Native Method)
	at sun.reflect.NativeMethodAccessorImpl.invoke(NativeMethodAccessorImpl.java:62)
	at sun.reflect.DelegatingMethodAccessorImpl.invoke(DelegatingMethodAccessorImpl.java:43)
	at java.lang.reflect.Method.invoke(Method.java:498)
	at org.testng.internal.MethodInvocationHelper.invokeMethod(MethodInvocationHelper.java:80)
	at org.testng.internal.Invoker.invokeMethod(Invoker.java:714)
	at org.testng.internal.Invoker.invokeTestMethod(Invoker.java:901)
	at org.testng.internal.Invoker.invokeTestMethods(Invoker.java:1231)
	at org.testng.internal.TestMethodWorker.invokeTestMethods(TestMethodWorker.java:127)
	at org.testng.internal.TestMethodWorker.run(TestMethodWorker.java:111)
	at org.testng.TestRunner.privateRun(TestRunner.java:767)
	at org.testng.TestRunner.run(TestRunner.java:617)
	at org.testng.SuiteRunner.runTest(SuiteRunner.java:334)
	at org.testng.SuiteRunner.runSequentially(SuiteRunner.java:329)
	at org.testng.SuiteRunner.privateRun(SuiteRunner.java:291)
	at org.testng.SuiteRunner.run(SuiteRunner.java:240)
	at org.testng.SuiteRunnerWorker.runSuite(SuiteRunnerWorker.java:52)
	at org.testng.SuiteRunnerWorker.run(SuiteRunnerWorker.java:86)
	at org.testng.TestNG.runSuitesSequentially(TestNG.java:1198)
	at org.testng.TestNG.runSuitesLocally(TestNG.java:1123)
	at org.testng.TestNG.run(TestNG.java:1031)
	at org.testng.remote.AbstractRemoteTestNG.run(AbstractRemoteTestNG.java:114)
	at org.testng.remote.RemoteTestNG.initAndRun(RemoteTestNG.java:251)
	at org.testng.remote.RemoteTestNG.main(RemoteTestNG.java:77)
</pre></div></td>
<td>0</td>
<td>com.automation.rest.test.RestAssuredTests@7c16905e</td></tr>
</table><p>
<table width='100%' border='1' class='invocation-passed'>
<tr><td colspan='4' align='center'><b>PASSED TESTS</b></td></tr>
<tr><td><b>Test method</b></td>
<td width="30%"><b>Exception</b></td>
<td width="10%"><b>Time (seconds)</b></td>
<td><b>Instance</b></td>
</tr>
<tr>
<td title='com.automation.rest.test.RestAssuredTests.getCommentsTest()'><b>getCommentsTest</b><br>Test class: com.automation.rest.test.RestAssuredTests</td>
<td></td>
<td>1</td>
<td>com.automation.rest.test.RestAssuredTests@7c16905e</td></tr>
<tr>
<td title='com.automation.rest.test.RestAssuredTests.postByIdTest()'><b>postByIdTest</b><br>Test class: com.automation.rest.test.RestAssuredTests<br>Parameters: 20, 2, doloribus ad provident suscipit at, qui consequuntur ducimus possimus quisquam amet similique
suscipit porro ipsam amet
eos veritatis officiis exercitationem vel fugit aut necessitatibus totam
omnis rerum consequatur expedita quidem cumque explicabo</td>
<td></td>
<td>0</td>
<td>com.automation.rest.test.RestAssuredTests@7c16905e</td></tr>
<tr>
<td title='com.automation.rest.test.RestAssuredTests.postByIdTest()'><b>postByIdTest</b><br>Test class: com.automation.rest.test.RestAssuredTests<br>Parameters: 50, 5, repellendus qui recusandae incidunt voluptates tenetur qui omnis exercitationem, error suscipit maxime adipisci consequuntur recusandae
voluptas eligendi et est et voluptates
quia distinctio ab amet quaerat molestiae et vitae
adipisci impedit sequi nesciunt quis consectetur</td>
<td></td>
<td>0</td>
<td>com.automation.rest.test.RestAssuredTests@7c16905e</td></tr>
<tr>
<td title='com.automation.rest.test.RestAssuredTests.postByIdTest()'><b>postByIdTest</b><br>Test class: com.automation.rest.test.RestAssuredTests<br>Parameters: 100, 10, at nam consequatur ea labore ea harum, cupiditate quo est a modi nesciunt soluta
ipsa voluptas error itaque dicta in
autem qui minus magnam et distinctio eum
accusamus ratione error aut</td>
<td></td>
<td>0</td>
<td>com.automation.rest.test.RestAssuredTests@7c16905e</td></tr>
<tr>
<td title='com.automation.rest.test.RestAssuredTests.schemaValidationTest()'><b>schemaValidationTest</b><br>Test class: com.automation.rest.test.RestAssuredTests<br>Parameters: /posts, posts-schema.json</td>
<td></td>
<td>0</td>
<td>com.automation.rest.test.RestAssuredTests@7c16905e</td></tr>
<tr>
<td title='com.automation.rest.test.RestAssuredTests.schemaValidationTest()'><b>schemaValidationTest</b><br>Test class: com.automation.rest.test.RestAssuredTests<br>Parameters: /comments, comments-schema.json</td>
<td></td>
<td>0</td>
<td>com.automation.rest.test.RestAssuredTests@7c16905e</td></tr>
<tr>
<td title='com.automation.rest.test.RestAssuredTests.schemaValidationTest()'><b>schemaValidationTest</b><br>Test class: com.automation.rest.test.RestAssuredTests<br>Parameters: /albums, albums-schema.json</td>
<td></td>
<td>0</td>
<td>com.automation.rest.test.RestAssuredTests@7c16905e</td></tr>
<tr>
<td title='com.automation.rest.test.RestAssuredTests.schemaValidationTest()'><b>schemaValidationTest</b><br>Test class: com.automation.rest.test.RestAssuredTests<br>Parameters: /photos, photos-schema.json</td>
<td></td>
<td>0</td>
<td>com.automation.rest.test.RestAssuredTests@7c16905e</td></tr>
<tr>
<td title='com.automation.rest.test.RestAssuredTests.schemaValidationTest()'><b>schemaValidationTest</b><br>Test class: com.automation.rest.test.RestAssuredTests<br>Parameters: /todos, todos-schema.json</td>
<td></td>
<td>0</td>
<td>com.automation.rest.test.RestAssuredTests@7c16905e</td></tr>
<tr>
<td title='com.automation.rest.test.RestAssuredTests.schemaValidationTest()'><b>schemaValidationTest</b><br>Test class: com.automation.rest.test.RestAssuredTests<br>Parameters: /users, users-schema.json</td>
<td></td>
<td>0</td>
<td>com.automation.rest.test.RestAssuredTests@7c16905e</td></tr>
</table><p>
</body>
</html>