<?xml version="1.0" encoding="UTF-8"?>
<testng-results skipped="0" failed="1" total="11" passed="10">
  <reporter-output>
  </reporter-output>
  <suite name="Default suite" duration-ms="5345" started-at="2018-04-04T22:32:55Z" finished-at="2018-04-04T22:33:01Z">
    <groups>
    </groups>
    <test name="Default test" duration-ms="5345" started-at="2018-04-04T22:32:55Z" finished-at="2018-04-04T22:33:01Z">
      <class name="com.automation.rest.test.RestAssuredTests">
        <test-method status="PASS" signature="getCommentsTest()[pri:0, instance:com.automation.rest.test.RestAssuredTests@7c16905e]" name="getCommentsTest" duration-ms="1808" started-at="2018-04-04T17:32:55Z" finished-at="2018-04-04T17:32:57Z">
          <reporter-output>
          </reporter-output>
        </test-method> <!-- getCommentsTest -->
        <test-method status="PASS" signature="postByIdTest(int, int, java.lang.String, java.lang.String)[pri:0, instance:com.automation.rest.test.RestAssuredTests@7c16905e]" name="postByIdTest" duration-ms="623" started-at="2018-04-04T17:32:57Z" data-provider="getIds" finished-at="2018-04-04T17:32:58Z">
          <params>
            <param index="0">
              <value>
                <![CDATA[20]]>
              </value>
            </param>
            <param index="1">
              <value>
                <![CDATA[2]]>
              </value>
            </param>
            <param index="2">
              <value>
                <![CDATA[doloribus ad provident suscipit at]]>
              </value>
            </param>
            <param index="3">
              <value>
                <![CDATA[qui consequuntur ducimus possimus quisquam amet similique
suscipit porro ipsam amet
eos veritatis officiis exercitationem vel fugit aut necessitatibus totam
omnis rerum consequatur expedita quidem cumque explicabo]]>
              </value>
            </param>
          </params>
          <reporter-output>
          </reporter-output>
        </test-method> <!-- postByIdTest -->
        <test-method status="PASS" signature="postByIdTest(int, int, java.lang.String, java.lang.String)[pri:0, instance:com.automation.rest.test.RestAssuredTests@7c16905e]" name="postByIdTest" duration-ms="210" started-at="2018-04-04T17:32:58Z" data-provider="getIds" finished-at="2018-04-04T17:32:58Z">
          <params>
            <param index="0">
              <value>
                <![CDATA[50]]>
              </value>
            </param>
            <param index="1">
              <value>
                <![CDATA[5]]>
              </value>
            </param>
            <param index="2">
              <value>
                <![CDATA[repellendus qui recusandae incidunt voluptates tenetur qui omnis exercitationem]]>
              </value>
            </param>
            <param index="3">
              <value>
                <![CDATA[error suscipit maxime adipisci consequuntur recusandae
voluptas eligendi et est et voluptates
quia distinctio ab amet quaerat molestiae et vitae
adipisci impedit sequi nesciunt quis consectetur]]>
              </value>
            </param>
          </params>
          <reporter-output>
          </reporter-output>
        </test-method> <!-- postByIdTest -->
        <test-method status="PASS" signature="postByIdTest(int, int, java.lang.String, java.lang.String)[pri:0, instance:com.automation.rest.test.RestAssuredTests@7c16905e]" name="postByIdTest" duration-ms="237" started-at="2018-04-04T17:32:58Z" data-provider="getIds" finished-at="2018-04-04T17:32:58Z">
          <params>
            <param index="0">
              <value>
                <![CDATA[100]]>
              </value>
            </param>
            <param index="1">
              <value>
                <![CDATA[10]]>
              </value>
            </param>
            <param index="2">
              <value>
                <![CDATA[at nam consequatur ea labore ea harum]]>
              </value>
            </param>
            <param index="3">
              <value>
                <![CDATA[cupiditate quo est a modi nesciunt soluta
ipsa voluptas error itaque dicta in
autem qui minus magnam et distinctio eum
accusamus ratione error aut]]>
              </value>
            </param>
          </params>
          <reporter-output>
          </reporter-output>
        </test-method> <!-- postByIdTest -->
        <test-method status="PASS" signature="schemaValidationTest(java.lang.String, java.lang.String)[pri:0, instance:com.automation.rest.test.RestAssuredTests@7c16905e]" name="schemaValidationTest" duration-ms="685" started-at="2018-04-04T17:32:58Z" data-provider="getSchemas" finished-at="2018-04-04T17:32:59Z">
          <params>
            <param index="0">
              <value>
                <![CDATA[/posts]]>
              </value>
            </param>
            <param index="1">
              <value>
                <![CDATA[posts-schema.json]]>
              </value>
            </param>
          </params>
          <reporter-output>
          </reporter-output>
        </test-method> <!-- schemaValidationTest -->
        <test-method status="PASS" signature="schemaValidationTest(java.lang.String, java.lang.String)[pri:0, instance:com.automation.rest.test.RestAssuredTests@7c16905e]" name="schemaValidationTest" duration-ms="275" started-at="2018-04-04T17:32:59Z" data-provider="getSchemas" finished-at="2018-04-04T17:32:59Z">
          <params>
            <param index="0">
              <value>
                <![CDATA[/comments]]>
              </value>
            </param>
            <param index="1">
              <value>
                <![CDATA[comments-schema.json]]>
              </value>
            </param>
          </params>
          <reporter-output>
          </reporter-output>
        </test-method> <!-- schemaValidationTest -->
        <test-method status="PASS" signature="schemaValidationTest(java.lang.String, java.lang.String)[pri:0, instance:com.automation.rest.test.RestAssuredTests@7c16905e]" name="schemaValidationTest" duration-ms="176" started-at="2018-04-04T17:32:59Z" data-provider="getSchemas" finished-at="2018-04-04T17:32:59Z">
          <params>
            <param index="0">
              <value>
                <![CDATA[/albums]]>
              </value>
            </param>
            <param index="1">
              <value>
                <![CDATA[albums-schema.json]]>
              </value>
            </param>
          </params>
          <reporter-output>
          </reporter-output>
        </test-method> <!-- schemaValidationTest -->
        <test-method status="PASS" signature="schemaValidationTest(java.lang.String, java.lang.String)[pri:0, instance:com.automation.rest.test.RestAssuredTests@7c16905e]" name="schemaValidationTest" duration-ms="483" started-at="2018-04-04T17:32:59Z" data-provider="getSchemas" finished-at="2018-04-04T17:33:00Z">
          <params>
            <param index="0">
              <value>
                <![CDATA[/photos]]>
              </value>
            </param>
            <param index="1">
              <value>
                <![CDATA[photos-schema.json]]>
              </value>
            </param>
          </params>
          <reporter-output>
          </reporter-output>
        </test-method> <!-- schemaValidationTest -->
        <test-method status="PASS" signature="schemaValidationTest(java.lang.String, java.lang.String)[pri:0, instance:com.automation.rest.test.RestAssuredTests@7c16905e]" name="schemaValidationTest" duration-ms="179" started-at="2018-04-04T17:33:00Z" data-provider="getSchemas" finished-at="2018-04-04T17:33:00Z">
          <params>
            <param index="0">
              <value>
                <![CDATA[/todos]]>
              </value>
            </param>
            <param index="1">
              <value>
                <![CDATA[todos-schema.json]]>
              </value>
            </param>
          </params>
          <reporter-output>
          </reporter-output>
        </test-method> <!-- schemaValidationTest -->
        <test-method status="PASS" signature="schemaValidationTest(java.lang.String, java.lang.String)[pri:0, instance:com.automation.rest.test.RestAssuredTests@7c16905e]" name="schemaValidationTest" duration-ms="162" started-at="2018-04-04T17:33:00Z" data-provider="getSchemas" finished-at="2018-04-04T17:33:00Z">
          <params>
            <param index="0">
              <value>
                <![CDATA[/users]]>
              </value>
            </param>
            <param index="1">
              <value>
                <![CDATA[users-schema.json]]>
              </value>
            </param>
          </params>
          <reporter-output>
          </reporter-output>
        </test-method> <!-- schemaValidationTest -->
        <test-method status="FAIL" signature="statusCodeValidation()[pri:0, instance:com.automation.rest.test.RestAssuredTests@7c16905e]" name="statusCodeValidation" duration-ms="450" started-at="2018-04-04T17:33:00Z" finished-at="2018-04-04T17:33:01Z">
          <exception class="java.lang.AssertionError">
            <message>
              <![CDATA[expected [100] but found [200]]]>
            </message>
            <full-stacktrace>
              <![CDATA[java.lang.AssertionError: expected [100] but found [200]
	at org.testng.Assert.fail(Assert.java:94)
	at org.testng.Assert.failNotEquals(Assert.java:494)
	at org.testng.Assert.assertEquals(Assert.java:123)
	at org.testng.Assert.assertEquals(Assert.java:370)
	at org.testng.Assert.assertEquals(Assert.java:380)
	at com.automation.rest.test.RestAssuredTests.statusCodeValidation(RestAssuredTests.java:23)
	at sun.reflect.NativeMethodAccessorImpl.invoke0(Native Method)
	at sun.reflect.NativeMethodAccessorImpl.invoke(NativeMethodAccessorImpl.java:62)
	at sun.reflect.DelegatingMethodAccessorImpl.invoke(DelegatingMethodAccessorImpl.java:43)
	at java.lang.reflect.Method.invoke(Method.java:498)
	at org.testng.internal.MethodInvocationHelper.invokeMethod(MethodInvocationHelper.java:80)
	at org.testng.internal.Invoker.invokeMethod(Invoker.java:714)
	at org.testng.internal.Invoker.invokeTestMethod(Invoker.java:901)
	at org.testng.internal.Invoker.invokeTestMethods(Invoker.java:1231)
	at org.testng.internal.TestMethodWorker.invokeTestMethods(TestMethodWorker.java:127)
	at org.testng.internal.TestMethodWorker.run(TestMethodWorker.java:111)
	at org.testng.TestRunner.privateRun(TestRunner.java:767)
	at org.testng.TestRunner.run(TestRunner.java:617)
	at org.testng.SuiteRunner.runTest(SuiteRunner.java:334)
	at org.testng.SuiteRunner.runSequentially(SuiteRunner.java:329)
	at org.testng.SuiteRunner.privateRun(SuiteRunner.java:291)
	at org.testng.SuiteRunner.run(SuiteRunner.java:240)
	at org.testng.SuiteRunnerWorker.runSuite(SuiteRunnerWorker.java:52)
	at org.testng.SuiteRunnerWorker.run(SuiteRunnerWorker.java:86)
	at org.testng.TestNG.runSuitesSequentially(TestNG.java:1198)
	at org.testng.TestNG.runSuitesLocally(TestNG.java:1123)
	at org.testng.TestNG.run(TestNG.java:1031)
	at org.testng.remote.AbstractRemoteTestNG.run(AbstractRemoteTestNG.java:114)
	at org.testng.remote.RemoteTestNG.initAndRun(RemoteTestNG.java:251)
	at org.testng.remote.RemoteTestNG.main(RemoteTestNG.java:77)
]]>
            </full-stacktrace>
          </exception> <!-- java.lang.AssertionError -->
          <reporter-output>
          </reporter-output>
        </test-method> <!-- statusCodeValidation -->
      </class> <!-- com.automation.rest.test.RestAssuredTests -->
    </test> <!-- Default test -->
  </suite> <!-- Default suite -->
</testng-results>
